Nov 30 00:00:25 1999 [info] get LAST_RSTSRC = 0x0001 , BOOTPART is 2
Nov 30 00:00:25 1999 [info] ac cycle detected - clear all persistent flag and backup history file
Nov 30 00:00:26 1999 [info] read_bootfailure result - PRI_UBOOT_FAIL=0; PRI_PART_FAIL=0;
Nov 30 00:00:26 1999 [info] raw bootfail - 1 0x10A0;2 0x11A0;3 0x10D0;
Nov 30 00:00:26 1999 [info] check_pri_rootfs_corruption - this is not a kpanic/khang reset, return false
Nov 30 00:00:26 1999 [info] return and continue boot primary partition
Nov 30 00:00:27 1999 [info] get_orig_pri_version, result is unknown
Nov 30 00:05:04 1999 [info] get LAST_RSTSRC = 0x0001 , BOOTPART is 2
Nov 30 00:05:04 1999 [info] ac cycle detected - clear all persistent flag and backup history file
Nov 30 00:05:04 1999 [info] read_bootfailure result - PRI_UBOOT_FAIL=0; PRI_PART_FAIL=0;
Nov 30 00:05:04 1999 [info] raw bootfail - 1 0x10A0;2 0x11A0;3 0x10D0;
Nov 30 00:05:04 1999 [info] check_pri_rootfs_corruption - this is not a kpanic/khang reset, return false
Nov 30 00:05:04 1999 [info] return and continue boot primary partition
Nov 30 00:05:05 1999 [info] get_orig_pri_version, result is unknown
Dec 02 00:02:52 1999 [info] get LAST_RSTSRC = 0x0001 , BOOTPART is 2
Dec 02 00:02:52 1999 [info] ac cycle detected - clear all persistent flag and backup history file
Dec 02 00:02:52 1999 [info] read_bootfailure result - PRI_UBOOT_FAIL=0; PRI_PART_FAIL=0;
Dec 02 00:02:52 1999 [info] raw bootfail - 1 0x10A0;2 0x11A0;3 0x10D0;
Dec 02 00:02:52 1999 [info] check_pri_rootfs_corruption - this is not a kpanic/khang reset, return false
Dec 02 00:02:52 1999 [info] return and continue boot primary partition
Dec 02 00:02:53 1999 [info] get_orig_pri_version, result is unknown
Jun 26 08:25:12 2016 [info] get LAST_RSTSRC = 0x0100 , BOOTPART is 2
Jun 26 08:25:12 2016 [info] read_bootfailure result - PRI_UBOOT_FAIL=0; PRI_PART_FAIL=0;
Jun 26 08:25:12 2016 [info] raw bootfail - 1 0x10A0;2 0x10A0;3 0x11A0;4 0x10D0;
Jun 26 08:25:12 2016 [info] check_pri_rootfs_corruption - this is not a kpanic/khang reset, return false
Jun 26 08:25:12 2016 [info] return and continue boot primary partition
Jun 26 08:25:13 2016 [info] get_orig_pri_version, result is TCOO16P
Jun 26 08:26:27 2016 [info] get LAST_RSTSRC = 0x0080 , BOOTPART is 2
Jun 26 08:26:27 2016 [info] read_bootfailure result - PRI_UBOOT_FAIL=0; PRI_PART_FAIL=0;
Jun 26 08:26:27 2016 [info] raw bootfail - 1 0x10A0;2 0x10A0;3 0x11A0;4 0x10D0;5 0x10A0;6 0x11A0;7 0x10D0;
Jun 26 08:26:27 2016 [info] check_pri_rootfs_corruption - this is not a kpanic/khang reset, return false
Jun 26 08:26:27 2016 [info] return and continue boot primary partition
Jun 26 08:26:28 2016 [info] get_orig_pri_version, result is TCOO16P
Jun 26 09:27:03 2016 [info] heal-backup, after sleep 3600, do job now
Jun 26 09:27:03 2016 [info] read_bootfailure result - PRI_UBOOT_FAIL=0; PRI_PART_FAIL=0;
Jun 26 09:27:03 2016 [info] raw bootfail - 1 0x10A0;2 0x10A0;3 0x11A0;4 0x10D0;5 0x10A0;6 0x11A0;7 0x10D0;8 0x11D0;
Jun 26 09:27:09 2016 [info] compare_bothbank_uboot result is identical, ub_len is 360180, do nothing
Jun 26 09:46:37 2016 [info] get LAST_RSTSRC = 0x0080 , BOOTPART is 2
Jun 26 09:46:38 2016 [info] read_bootfailure result - PRI_UBOOT_FAIL=0; PRI_PART_FAIL=0;
Jun 26 09:46:38 2016 [info] raw bootfail - 1 0x10A0;2 0x11A0;3 0x10D0;
Jun 26 09:46:38 2016 [info] check_pri_rootfs_corruption - this is not a kpanic/khang reset, return false
Jun 26 09:46:38 2016 [info] return and continue boot primary partition
Jun 26 09:46:39 2016 [info] get_orig_pri_version, result is TCOO16P
Jun 26 10:44:42 2016 [info] get LAST_RSTSRC = 0x0001 , BOOTPART is 2
Jun 26 10:44:42 2016 [info] ac cycle detected - clear all persistent flag and backup history file
Jun 26 10:44:42 2016 [info] read_bootfailure result - PRI_UBOOT_FAIL=0; PRI_PART_FAIL=0;
Jun 26 10:44:42 2016 [info] raw bootfail - 1 0x10A0;2 0x11A0;3 0x10D0;
Jun 26 10:44:42 2016 [info] check_pri_rootfs_corruption - this is not a kpanic/khang reset, return false
Jun 26 10:44:42 2016 [info] return and continue boot primary partition
Jun 26 10:44:42 2016 [info] get_orig_pri_version, result is TCOO16P
Jun 26 10:56:52 2016 [info] get LAST_RSTSRC = 0x0001 , BOOTPART is 2
Jun 26 10:56:52 2016 [info] ac cycle detected - clear all persistent flag and backup history file
Jun 26 10:56:52 2016 [info] read_bootfailure result - PRI_UBOOT_FAIL=0; PRI_PART_FAIL=0;
Jun 26 10:56:52 2016 [info] raw bootfail - 1 0x10A0;2 0x11A0;3 0x10D0;
Jun 26 10:56:52 2016 [info] check_pri_rootfs_corruption - this is not a kpanic/khang reset, return false
Jun 26 10:56:52 2016 [info] return and continue boot primary partition
Jun 26 10:56:52 2016 [info] get_orig_pri_version, result is TCOO16P
Jun 26 11:08:57 2016 [info] get LAST_RSTSRC = 0x0001 , BOOTPART is 2
Jun 26 11:08:57 2016 [info] ac cycle detected - clear all persistent flag and backup history file
Jun 26 11:08:57 2016 [info] read_bootfailure result - PRI_UBOOT_FAIL=0; PRI_PART_FAIL=0;
Jun 26 11:08:57 2016 [info] raw bootfail - 1 0x10A0;2 0x11A0;3 0x10D0;
Jun 26 11:08:57 2016 [info] check_pri_rootfs_corruption - this is not a kpanic/khang reset, return false
Jun 26 11:08:57 2016 [info] return and continue boot primary partition
Jun 26 11:08:57 2016 [info] get_orig_pri_version, result is TCOO16P
Jun 26 11:21:04 2016 [info] get LAST_RSTSRC = 0x0001 , BOOTPART is 2
Jun 26 11:21:04 2016 [info] ac cycle detected - clear all persistent flag and backup history file
Jun 26 11:21:04 2016 [info] read_bootfailure result - PRI_UBOOT_FAIL=0; PRI_PART_FAIL=0;
Jun 26 11:21:04 2016 [info] raw bootfail - 1 0x10A0;2 0x11A0;3 0x10D0;
Jun 26 11:21:04 2016 [info] check_pri_rootfs_corruption - this is not a kpanic/khang reset, return false
Jun 26 11:21:04 2016 [info] return and continue boot primary partition
Jun 26 11:21:04 2016 [info] get_orig_pri_version, result is TCOO16P
Jul 29 11:40:47 2016 [info] get LAST_RSTSRC = 0x0001 , BOOTPART is 2
Jul 29 11:40:47 2016 [info] ac cycle detected - clear all persistent flag and backup history file
Jul 29 11:40:47 2016 [info] read_bootfailure result - PRI_UBOOT_FAIL=0; PRI_PART_FAIL=0;
Jul 29 11:40:47 2016 [info] raw bootfail - 1 0x10A0;2 0x11A0;3 0x10D0;
Jul 29 11:40:47 2016 [info] check_pri_rootfs_corruption - this is not a kpanic/khang reset, return false
Jul 29 11:40:47 2016 [info] return and continue boot primary partition
Jul 29 11:40:47 2016 [info] get_orig_pri_version, result is TCOO16P
Jul 29 13:15:35 2016 [info] get LAST_RSTSRC = 0x0001 , BOOTPART is 2
Jul 29 13:15:35 2016 [info] ac cycle detected - clear all persistent flag and backup history file
Jul 29 13:15:35 2016 [info] read_bootfailure result - PRI_UBOOT_FAIL=0; PRI_PART_FAIL=0;
Jul 29 13:15:35 2016 [info] raw bootfail - 1 0x10A0;2 0x11A0;3 0x10D0;
Jul 29 13:15:35 2016 [info] check_pri_rootfs_corruption - this is not a kpanic/khang reset, return false
Jul 29 13:15:35 2016 [info] return and continue boot primary partition
Jul 29 13:15:35 2016 [info] get_orig_pri_version, result is TCOO16P
Jul 29 13:29:27 2016 [info] get LAST_RSTSRC = 0x0001 , BOOTPART is 2
Jul 29 13:29:27 2016 [info] ac cycle detected - clear all persistent flag and backup history file
Jul 29 13:29:27 2016 [info] read_bootfailure result - PRI_UBOOT_FAIL=0; PRI_PART_FAIL=0;
Jul 29 13:29:27 2016 [info] raw bootfail - 1 0x10A0;2 0x11A0;3 0x10D0;
Jul 29 13:29:27 2016 [info] check_pri_rootfs_corruption - this is not a kpanic/khang reset, return false
Jul 29 13:29:27 2016 [info] return and continue boot primary partition
Jul 29 13:29:27 2016 [info] get_orig_pri_version, result is TCOO16P
Aug 05 04:49:42 2016 [info] get LAST_RSTSRC = 0x0001 , BOOTPART is 2
Aug 05 04:49:42 2016 [info] ac cycle detected - clear all persistent flag and backup history file
Aug 05 04:49:42 2016 [info] read_bootfailure result - PRI_UBOOT_FAIL=0; PRI_PART_FAIL=0;
Aug 05 04:49:42 2016 [info] raw bootfail - 1 0x10A0;2 0x11A0;3 0x10D0;
Aug 05 04:49:42 2016 [info] check_pri_rootfs_corruption - this is not a kpanic/khang reset, return false
Aug 05 04:49:42 2016 [info] return and continue boot primary partition
Aug 05 04:49:43 2016 [info] get_orig_pri_version, result is TCOO16P
Aug 05 05:08:36 2016 [info] get LAST_RSTSRC = 0x0001 , BOOTPART is 2
Aug 05 05:08:36 2016 [info] ac cycle detected - clear all persistent flag and backup history file
Aug 05 05:08:36 2016 [info] read_bootfailure result - PRI_UBOOT_FAIL=0; PRI_PART_FAIL=0;
Aug 05 05:08:36 2016 [info] raw bootfail - 1 0x10A0;2 0x11A0;3 0x10D0;
Aug 05 05:08:36 2016 [info] check_pri_rootfs_corruption - this is not a kpanic/khang reset, return false
Aug 05 05:08:36 2016 [info] return and continue boot primary partition
Aug 05 05:08:36 2016 [info] get_orig_pri_version, result is TCOO16P
Aug 05 08:44:08 2016 [info] get LAST_RSTSRC = 0x0001 , BOOTPART is 2
Aug 05 08:44:08 2016 [info] ac cycle detected - clear all persistent flag and backup history file
Aug 05 08:44:08 2016 [info] read_bootfailure result - PRI_UBOOT_FAIL=0; PRI_PART_FAIL=0;
Aug 05 08:44:08 2016 [info] raw bootfail - 1 0x10A0;2 0x11A0;3 0x10D0;
Aug 05 08:44:08 2016 [info] check_pri_rootfs_corruption - this is not a kpanic/khang reset, return false
Aug 05 08:44:08 2016 [info] return and continue boot primary partition
Aug 05 08:44:08 2016 [info] get_orig_pri_version, result is TCOO16P
Aug 05 08:56:04 2016 [info] get LAST_RSTSRC = 0x0001 , BOOTPART is 2
Aug 05 08:56:04 2016 [info] ac cycle detected - clear all persistent flag and backup history file
Aug 05 08:56:04 2016 [info] read_bootfailure result - PRI_UBOOT_FAIL=0; PRI_PART_FAIL=0;
Aug 05 08:56:04 2016 [info] raw bootfail - 1 0x10A0;2 0x11A0;3 0x10D0;
Aug 05 08:56:04 2016 [info] check_pri_rootfs_corruption - this is not a kpanic/khang reset, return false
Aug 05 08:56:04 2016 [info] return and continue boot primary partition
Aug 05 08:56:05 2016 [info] get_orig_pri_version, result is TCOO16P
Aug 05 09:59:53 2016 [info] get LAST_RSTSRC = 0x0001 , BOOTPART is 2
Aug 05 09:59:53 2016 [info] ac cycle detected - clear all persistent flag and backup history file
Aug 05 09:59:53 2016 [info] read_bootfailure result - PRI_UBOOT_FAIL=0; PRI_PART_FAIL=0;
Aug 05 09:59:53 2016 [info] raw bootfail - 1 0x10A0;2 0x11A0;3 0x10D0;
Aug 05 09:59:53 2016 [info] check_pri_rootfs_corruption - this is not a kpanic/khang reset, return false
Aug 05 09:59:53 2016 [info] return and continue boot primary partition
Aug 05 09:59:54 2016 [info] get_orig_pri_version, result is TCOO16P
Aug 22 03:02:43 2016 [info] get LAST_RSTSRC = 0x0001 , BOOTPART is 2
Aug 22 03:02:43 2016 [info] ac cycle detected - clear all persistent flag and backup history file
Aug 22 03:02:43 2016 [info] read_bootfailure result - PRI_UBOOT_FAIL=0; PRI_PART_FAIL=0;
Aug 22 03:02:43 2016 [info] raw bootfail - 1 0x10A0;2 0x11A0;3 0x10D0;
Aug 22 03:02:43 2016 [info] check_pri_rootfs_corruption - this is not a kpanic/khang reset, return false
Aug 22 03:02:43 2016 [info] return and continue boot primary partition
Aug 22 03:02:43 2016 [info] get_orig_pri_version, result is TCOO16P
Aug 22 03:28:19 2016 [info] get LAST_RSTSRC = 0x0001 , BOOTPART is 2
Aug 22 03:28:19 2016 [info] ac cycle detected - clear all persistent flag and backup history file
Aug 22 03:28:19 2016 [info] read_bootfailure result - PRI_UBOOT_FAIL=0; PRI_PART_FAIL=0;
Aug 22 03:28:19 2016 [info] raw bootfail - 1 0x10A0;2 0x11A0;3 0x10D0;
Aug 22 03:28:19 2016 [info] check_pri_rootfs_corruption - this is not a kpanic/khang reset, return false
Aug 22 03:28:19 2016 [info] return and continue boot primary partition
Aug 22 03:28:20 2016 [info] get_orig_pri_version, result is TCOO16P
Aug 22 04:28:46 2016 [info] heal-backup, after sleep 3600, do job now
Aug 22 04:28:46 2016 [info] read_bootfailure result - PRI_UBOOT_FAIL=0; PRI_PART_FAIL=0;
Aug 22 04:28:46 2016 [info] raw bootfail - 1 0x10A0;2 0x11A0;3 0x10D0;4 0x11D0;
Aug 22 04:28:48 2016 [info] compare_bothbank_uboot result is identical, ub_len is 360180, do nothing
Aug 22 07:36:54 2016 [info] get LAST_RSTSRC = 0x0001 , BOOTPART is 2
Aug 22 07:36:54 2016 [info] ac cycle detected - clear all persistent flag and backup history file
Aug 22 07:36:54 2016 [info] read_bootfailure result - PRI_UBOOT_FAIL=0; PRI_PART_FAIL=0;
Aug 22 07:36:54 2016 [info] raw bootfail - 1 0x10A0;2 0x11A0;3 0x10D0;
Aug 22 07:36:54 2016 [info] check_pri_rootfs_corruption - this is not a kpanic/khang reset, return false
Aug 22 07:36:54 2016 [info] return and continue boot primary partition
Aug 22 07:36:55 2016 [info] get_orig_pri_version, result is TCOO16P
Aug 22 08:37:20 2016 [info] heal-backup, after sleep 3600, do job now
Aug 22 08:37:20 2016 [info] read_bootfailure result - PRI_UBOOT_FAIL=0; PRI_PART_FAIL=0;
Aug 22 08:37:20 2016 [info] raw bootfail - 1 0x10A0;2 0x11A0;3 0x10D0;4 0x11D0;
Aug 22 08:37:23 2016 [info] compare_bothbank_uboot result is identical, ub_len is 360180, do nothing
Aug 30 08:23:35 2016 [info] get LAST_RSTSRC = 0x0001 , BOOTPART is 2
Aug 30 08:23:35 2016 [info] ac cycle detected - clear all persistent flag and backup history file
Aug 30 08:23:35 2016 [info] read_bootfailure result - PRI_UBOOT_FAIL=0; PRI_PART_FAIL=0;
Aug 30 08:23:35 2016 [info] raw bootfail - 1 0x10A0;2 0x11A0;3 0x10D0;
Aug 30 08:23:35 2016 [info] check_pri_rootfs_corruption - this is not a kpanic/khang reset, return false
Aug 30 08:23:35 2016 [info] return and continue boot primary partition
Aug 30 08:23:36 2016 [info] get_orig_pri_version, result is TCOO16P
Aug 30 09:24:03 2016 [info] heal-backup, after sleep 3600, do job now
Aug 30 09:24:03 2016 [info] read_bootfailure result - PRI_UBOOT_FAIL=0; PRI_PART_FAIL=0;
Aug 30 09:24:04 2016 [info] raw bootfail - 1 0x10A0;2 0x11A0;3 0x10D0;4 0x11D0;
Aug 30 09:24:06 2016 [info] compare_bothbank_uboot result is identical, ub_len is 360180, do nothing
Sep 01 09:06:09 2016 [info] get LAST_RSTSRC = 0x0001 , BOOTPART is 2
Sep 01 09:06:09 2016 [info] ac cycle detected - clear all persistent flag and backup history file
Sep 01 09:06:09 2016 [info] read_bootfailure result - PRI_UBOOT_FAIL=0; PRI_PART_FAIL=0;
Sep 01 09:06:09 2016 [info] raw bootfail - 1 0x10A0;2 0x11A0;3 0x10D0;
Sep 01 09:06:09 2016 [info] check_pri_rootfs_corruption - this is not a kpanic/khang reset, return false
Sep 01 09:06:09 2016 [info] return and continue boot primary partition
Sep 01 09:06:10 2016 [info] get_orig_pri_version, result is TCOO16P
Sep 01 10:06:36 2016 [info] heal-backup, after sleep 3600, do job now
Sep 01 10:06:36 2016 [info] read_bootfailure result - PRI_UBOOT_FAIL=0; PRI_PART_FAIL=0;
Sep 01 10:06:36 2016 [info] raw bootfail - 1 0x10A0;2 0x11A0;3 0x10D0;4 0x11D0;
Sep 01 10:06:37 2016 [info] compare_bothbank_uboot result is identical, ub_len is 360180, do nothing
Sep 13 09:44:01 2016 [info] get LAST_RSTSRC = 0x0001 , BOOTPART is 2
Sep 13 09:44:01 2016 [info] ac cycle detected - clear all persistent flag and backup history file
Sep 13 09:44:01 2016 [info] read_bootfailure result - PRI_UBOOT_FAIL=0; PRI_PART_FAIL=0;
Sep 13 09:44:01 2016 [info] raw bootfail - 1 0x10A0;2 0x11A0;3 0x10D0;
Sep 13 09:44:01 2016 [info] check_pri_rootfs_corruption - this is not a kpanic/khang reset, return false
Sep 13 09:44:01 2016 [info] return and continue boot primary partition
Sep 13 09:44:02 2016 [info] get_orig_pri_version, result is TCOO16P
Sep 13 10:44:28 2016 [info] heal-backup, after sleep 3600, do job now
Sep 13 10:44:28 2016 [info] read_bootfailure result - PRI_UBOOT_FAIL=0; PRI_PART_FAIL=0;
Sep 13 10:44:28 2016 [info] raw bootfail - 1 0x10A0;2 0x11A0;3 0x10D0;4 0x11D0;
Sep 13 10:44:30 2016 [info] compare_bothbank_uboot result is identical, ub_len is 360180, do nothing
Sep 20 07:50:36 2016 [info] get LAST_RSTSRC = 0x0001 , BOOTPART is 2
Sep 20 07:50:36 2016 [info] ac cycle detected - clear all persistent flag and backup history file
Sep 20 07:50:36 2016 [info] read_bootfailure result - PRI_UBOOT_FAIL=0; PRI_PART_FAIL=0;
Sep 20 07:50:36 2016 [info] raw bootfail - 1 0x10A0;2 0x11A0;3 0x10D0;
Sep 20 07:50:36 2016 [info] check_pri_rootfs_corruption - this is not a kpanic/khang reset, return false
Sep 20 07:50:36 2016 [info] return and continue boot primary partition
Sep 20 07:50:37 2016 [info] get_orig_pri_version, result is TCOO16P
Sep 20 08:00:58 2016 [info] get LAST_RSTSRC = 0x0001 , BOOTPART is 2
Sep 20 08:00:58 2016 [info] ac cycle detected - clear all persistent flag and backup history file
Sep 20 08:00:58 2016 [info] read_bootfailure result - PRI_UBOOT_FAIL=0; PRI_PART_FAIL=0;
Sep 20 08:00:59 2016 [info] raw bootfail - 1 0x10A0;2 0x11A0;3 0x10D0;
Sep 20 08:00:59 2016 [info] check_pri_rootfs_corruption - this is not a kpanic/khang reset, return false
Sep 20 08:00:59 2016 [info] return and continue boot primary partition
Sep 20 08:00:59 2016 [info] get_orig_pri_version, result is TCOO16P
Sep 20 09:01:25 2016 [info] heal-backup, after sleep 3600, do job now
Sep 20 09:01:25 2016 [info] read_bootfailure result - PRI_UBOOT_FAIL=0; PRI_PART_FAIL=0;
Sep 20 09:01:25 2016 [info] raw bootfail - 1 0x10A0;2 0x11A0;3 0x10D0;4 0x11D0;
Sep 20 09:01:27 2016 [info] compare_bothbank_uboot result is identical, ub_len is 360180, do nothing
Sep 21 07:41:56 2016 [info] get LAST_RSTSRC = 0x0001 , BOOTPART is 2
Sep 21 07:41:56 2016 [info] ac cycle detected - clear all persistent flag and backup history file
Sep 21 07:41:56 2016 [info] read_bootfailure result - PRI_UBOOT_FAIL=0; PRI_PART_FAIL=0;
Sep 21 07:41:56 2016 [info] raw bootfail - 1 0x10A0;2 0x11A0;3 0x10D0;
Sep 21 07:41:56 2016 [info] check_pri_rootfs_corruption - this is not a kpanic/khang reset, return false
Sep 21 07:41:56 2016 [info] return and continue boot primary partition
Sep 21 07:41:57 2016 [info] get_orig_pri_version, result is TCOO16P
Sep 21 08:42:22 2016 [info] heal-backup, after sleep 3600, do job now
Sep 21 08:42:22 2016 [info] read_bootfailure result - PRI_UBOOT_FAIL=0; PRI_PART_FAIL=0;
Sep 21 08:42:22 2016 [info] raw bootfail - 1 0x10A0;2 0x11A0;3 0x10D0;4 0x11D0;
Sep 21 08:42:23 2016 [info] compare_bothbank_uboot result is identical, ub_len is 360180, do nothing
Sep 30 09:37:37 2016 [info] get LAST_RSTSRC = 0x0001 , BOOTPART is 2
Sep 30 09:37:37 2016 [info] ac cycle detected - clear all persistent flag and backup history file
Sep 30 09:37:37 2016 [info] read_bootfailure result - PRI_UBOOT_FAIL=0; PRI_PART_FAIL=0;
Sep 30 09:37:37 2016 [info] raw bootfail - 1 0x10A0;2 0x11A0;3 0x10D0;
Sep 30 09:37:37 2016 [info] check_pri_rootfs_corruption - this is not a kpanic/khang reset, return false
Sep 30 09:37:37 2016 [info] return and continue boot primary partition
Sep 30 09:37:38 2016 [info] get_orig_pri_version, result is TCOO16P
Sep 30 10:38:03 2016 [info] heal-backup, after sleep 3600, do job now
Sep 30 10:38:03 2016 [info] read_bootfailure result - PRI_UBOOT_FAIL=0; PRI_PART_FAIL=0;
Sep 30 10:38:03 2016 [info] raw bootfail - 1 0x10A0;2 0x11A0;3 0x10D0;4 0x11D0;
Sep 30 10:38:07 2016 [info] compare_bothbank_uboot result is identical, ub_len is 360180, do nothing
Oct 19 02:14:51 2016 [info] get LAST_RSTSRC = 0x0001 , BOOTPART is 2
Oct 19 02:14:51 2016 [info] ac cycle detected - clear all persistent flag and backup history file
Oct 19 02:14:51 2016 [info] read_bootfailure result - PRI_UBOOT_FAIL=0; PRI_PART_FAIL=0;
Oct 19 02:14:51 2016 [info] raw bootfail - 1 0x10A0;2 0x11A0;3 0x10D0;
Oct 19 02:14:51 2016 [info] check_pri_rootfs_corruption - this is not a kpanic/khang reset, return false
Oct 19 02:14:51 2016 [info] return and continue boot primary partition
Oct 19 02:14:52 2016 [info] get_orig_pri_version, result is TCOO16P
Oct 19 02:33:57 2016 [info] get LAST_RSTSRC = 0x0001 , BOOTPART is 2
Oct 19 02:33:57 2016 [info] ac cycle detected - clear all persistent flag and backup history file
Oct 19 02:33:57 2016 [info] read_bootfailure result - PRI_UBOOT_FAIL=0; PRI_PART_FAIL=0;
Oct 19 02:33:57 2016 [info] raw bootfail - 1 0x10A0;2 0x11A0;3 0x10D0;
Oct 19 02:33:57 2016 [info] check_pri_rootfs_corruption - this is not a kpanic/khang reset, return false
Oct 19 02:33:57 2016 [info] return and continue boot primary partition
Oct 19 02:33:58 2016 [info] get_orig_pri_version, result is TCOO16P
Oct 19 03:05:57 2016 [info] get LAST_RSTSRC = 0x0001 , BOOTPART is 2
Oct 19 03:05:58 2016 [info] ac cycle detected - clear all persistent flag and backup history file
Oct 19 03:05:58 2016 [info] read_bootfailure result - PRI_UBOOT_FAIL=0; PRI_PART_FAIL=0;
Oct 19 03:05:58 2016 [info] raw bootfail - 1 0x10A0;2 0x11A0;3 0x10D0;
Oct 19 03:05:58 2016 [info] check_pri_rootfs_corruption - this is not a kpanic/khang reset, return false
Oct 19 03:05:58 2016 [info] return and continue boot primary partition
Oct 19 03:05:59 2016 [info] get_orig_pri_version, result is TCOO16P
Oct 19 04:06:24 2016 [info] heal-backup, after sleep 3600, do job now
Oct 19 04:06:24 2016 [info] read_bootfailure result - PRI_UBOOT_FAIL=0; PRI_PART_FAIL=0;
Oct 19 04:06:24 2016 [info] raw bootfail - 1 0x10A0;2 0x11A0;3 0x10D0;4 0x11D0;
Oct 19 04:06:26 2016 [info] compare_bothbank_uboot result is identical, ub_len is 360180, do nothing
Oct 19 06:53:07 2016 [info] get LAST_RSTSRC = 0x0001 , BOOTPART is 2
Oct 19 06:53:07 2016 [info] ac cycle detected - clear all persistent flag and backup history file
Oct 19 06:53:07 2016 [info] read_bootfailure result - PRI_UBOOT_FAIL=0; PRI_PART_FAIL=0;
Oct 19 06:53:07 2016 [info] raw bootfail - 1 0x10A0;2 0x11A0;3 0x10D0;
Oct 19 06:53:07 2016 [info] check_pri_rootfs_corruption - this is not a kpanic/khang reset, return false
Oct 19 06:53:08 2016 [info] return and continue boot primary partition
Oct 19 06:53:08 2016 [info] get_orig_pri_version, result is TCOO16P
Oct 19 07:48:48 2016 [info] get LAST_RSTSRC = 0x0001 , BOOTPART is 2
Oct 19 07:48:48 2016 [info] ac cycle detected - clear all persistent flag and backup history file
Oct 19 07:48:48 2016 [info] read_bootfailure result - PRI_UBOOT_FAIL=0; PRI_PART_FAIL=0;
Oct 19 07:48:48 2016 [info] raw bootfail - 1 0x10A0;2 0x11A0;3 0x10D0;
Oct 19 07:48:48 2016 [info] check_pri_rootfs_corruption - this is not a kpanic/khang reset, return false
Oct 19 07:48:48 2016 [info] return and continue boot primary partition
Oct 19 07:48:49 2016 [info] get_orig_pri_version, result is TCOO16P
Oct 19 07:58:44 2016 [info] get LAST_RSTSRC = 0x0080 , BOOTPART is 2
Oct 19 07:58:44 2016 [info] read_bootfailure result - PRI_UBOOT_FAIL=0; PRI_PART_FAIL=0;
Oct 19 07:58:44 2016 [info] raw bootfail - 1 0x10A0;2 0x11A0;3 0x10D0;
Oct 19 07:58:44 2016 [info] check_pri_rootfs_corruption - this is not a kpanic/khang reset, return false
Oct 19 07:58:44 2016 [info] return and continue boot primary partition
Oct 19 07:58:45 2016 [info] get_orig_pri_version, result is TCOO16P
Oct 19 08:07:30 2016 [info] get LAST_RSTSRC = 0x0080 , BOOTPART is 2
Oct 19 08:07:30 2016 [info] read_bootfailure result - PRI_UBOOT_FAIL=0; PRI_PART_FAIL=0;
Oct 19 08:07:31 2016 [info] raw bootfail - 1 0x10A0;2 0x11A0;3 0x10D0;
Oct 19 08:07:31 2016 [info] check_pri_rootfs_corruption - this is not a kpanic/khang reset, return false
Oct 19 08:07:31 2016 [info] return and continue boot primary partition
Oct 19 08:07:31 2016 [info] get_orig_pri_version, result is TCOO16P
Oct 19 08:33:44 2016 [info] get LAST_RSTSRC = 0x0001 , BOOTPART is 2
Oct 19 08:33:44 2016 [info] ac cycle detected - clear all persistent flag and backup history file
Oct 19 08:33:44 2016 [info] read_bootfailure result - PRI_UBOOT_FAIL=0; PRI_PART_FAIL=0;
Oct 19 08:33:44 2016 [info] raw bootfail - 1 0x10A0;2 0x11A0;3 0x10D0;
Oct 19 08:33:44 2016 [info] check_pri_rootfs_corruption - this is not a kpanic/khang reset, return false
Oct 19 08:33:44 2016 [info] return and continue boot primary partition
Oct 19 08:33:45 2016 [info] get_orig_pri_version, result is TCOO16P
Oct 19 08:41:06 2016 [info] get LAST_RSTSRC = 0x0001 , BOOTPART is 2
Oct 19 08:41:06 2016 [info] ac cycle detected - clear all persistent flag and backup history file
Oct 19 08:41:06 2016 [info] read_bootfailure result - PRI_UBOOT_FAIL=0; PRI_PART_FAIL=0;
Oct 19 08:41:06 2016 [info] raw bootfail - 1 0x10A0;2 0x11A0;3 0x10D0;
Oct 19 08:41:06 2016 [info] check_pri_rootfs_corruption - this is not a kpanic/khang reset, return false
Oct 19 08:41:06 2016 [info] return and continue boot primary partition
Oct 19 08:41:07 2016 [info] get_orig_pri_version, result is TCOO16P
Oct 19 09:41:32 2016 [info] heal-backup, after sleep 3600, do job now
Oct 19 09:41:32 2016 [info] read_bootfailure result - PRI_UBOOT_FAIL=0; PRI_PART_FAIL=0;
Oct 19 09:41:32 2016 [info] raw bootfail - 1 0x10A0;2 0x11A0;3 0x10D0;4 0x11D0;
Oct 19 09:41:33 2016 [info] compare_bothbank_uboot result is identical, ub_len is 360180, do nothing
Oct 21 07:05:20 2016 [info] get LAST_RSTSRC = 0x0001 , BOOTPART is 2
Oct 21 07:05:20 2016 [info] ac cycle detected - clear all persistent flag and backup history file
Oct 21 07:05:20 2016 [info] read_bootfailure result - PRI_UBOOT_FAIL=0; PRI_PART_FAIL=0;
Oct 21 07:05:20 2016 [info] raw bootfail - 1 0x10A0;2 0x11A0;3 0x10D0;
Oct 21 07:05:21 2016 [info] check_pri_rootfs_corruption - this is not a kpanic/khang reset, return false
Oct 21 07:05:21 2016 [info] return and continue boot primary partition
Oct 21 07:05:21 2016 [info] get_orig_pri_version, result is TCOO16P
Oct 21 08:05:47 2016 [info] heal-backup, after sleep 3600, do job now
Oct 21 08:05:47 2016 [info] read_bootfailure result - PRI_UBOOT_FAIL=0; PRI_PART_FAIL=0;
Oct 21 08:05:47 2016 [info] raw bootfail - 1 0x10A0;2 0x11A0;3 0x10D0;4 0x11D0;
Oct 21 08:05:49 2016 [info] compare_bothbank_uboot result is identical, ub_len is 360180, do nothing
Mar 24 14:45:04 2017 [info] get LAST_RSTSRC = 0x0100 , BOOTPART is 2
Mar 24 14:45:04 2017 [info] read_bootfailure result - PRI_UBOOT_FAIL=0; PRI_PART_FAIL=0;
Mar 24 14:45:04 2017 [info] raw bootfail - 1 0x10A0;2 0x10A0;3 0x11A0;4 0x10D0;
Mar 24 14:45:04 2017 [info] check_pri_rootfs_corruption - this is not a kpanic/khang reset, return false
Mar 24 14:45:04 2017 [info] return and continue boot primary partition
Mar 24 14:45:05 2017 [info] get_orig_pri_version, result is TCOO18Q
Mar 24 15:34:24 2017 [info] get LAST_RSTSRC = 0x0080 , BOOTPART is 2
Mar 24 15:34:24 2017 [info] read_bootfailure result - PRI_UBOOT_FAIL=0; PRI_PART_FAIL=0;
Mar 24 15:34:24 2017 [info] raw bootfail - 1 0x10A0;2 0x11A0;3 0x10D0;
Mar 24 15:34:24 2017 [info] check_pri_rootfs_corruption - this is not a kpanic/khang reset, return false
Mar 24 15:34:24 2017 [info] return and continue boot primary partition
Mar 24 15:34:25 2017 [info] get_orig_pri_version, result is TCOO18Q
Mar 24 16:34:55 2017 [info] heal-backup, after sleep 3600, do job now
Mar 24 16:34:55 2017 [info] read_bootfailure result - PRI_UBOOT_FAIL=0; PRI_PART_FAIL=0;
Mar 24 16:34:55 2017 [info] raw bootfail - 1 0x10A0;2 0x11A0;3 0x10D0;4 0x11D0;
Mar 24 16:34:56 2017 [info] compare_bothbank_uboot result is identical, ub_len is 360180, do nothing
Feb 19 01:00:56 2023 [info] get LAST_RSTSRC = 0x0001 , BOOTPART is 2
Feb 19 01:00:56 2023 [info] ac cycle detected - clear all persistent flag and backup history file
Feb 19 01:00:56 2023 [info] read_bootfailure result - PRI_UBOOT_FAIL=0; PRI_PART_FAIL=0;
Feb 19 01:00:56 2023 [info] raw bootfail - 1 0x10A0;2 0x11A0;3 0x10D0;
Feb 19 01:00:56 2023 [info] check_pri_rootfs_corruption - this is not a kpanic/khang reset, return false
Feb 19 01:00:56 2023 [info] return and continue boot primary partition
Feb 19 01:00:57 2023 [info] get_orig_pri_version, result is TCOO18Q
Feb 19 02:01:24 2023 [info] heal-backup, after sleep 3600, do job now
Feb 19 02:01:24 2023 [info] read_bootfailure result - PRI_UBOOT_FAIL=0; PRI_PART_FAIL=0;
Feb 19 02:01:24 2023 [info] raw bootfail - 1 0x10A0;2 0x11A0;3 0x10D0;4 0x11D0;
Feb 19 02:01:26 2023 [info] compare_bothbank_uboot result is identical, ub_len is 360180, do nothing
Apr 12 01:12:38 2023 [info] get LAST_RSTSRC = 0x0100 , BOOTPART is 2
Apr 12 01:12:38 2023 [info] read_bootfailure result - PRI_UBOOT_FAIL=0; PRI_PART_FAIL=0;
Apr 12 01:12:38 2023 [info] raw bootfail - 1 0x10A0;2 0x10A0;3 0x11A0;4 0x10D0;
Apr 12 01:12:38 2023 [info] check_pri_rootfs_corruption - this is not a kpanic/khang reset, return false
Apr 12 01:12:38 2023 [info] return and continue boot primary partition
Apr 12 01:12:39 2023 [info] get_orig_pri_version, result is TCOO60A
Apr 12 01:13:50 2023 [info] get LAST_RSTSRC = 0x0080 , BOOTPART is 2
Apr 12 01:13:50 2023 [info] read_bootfailure result - PRI_UBOOT_FAIL=0; PRI_PART_FAIL=0;
Apr 12 01:13:50 2023 [info] raw bootfail - 1 0x10A0;2 0x10A0;3 0x11A0;4 0x10D0;5 0x10A0;6 0x11A0;7 0x10D0;
Apr 12 01:13:50 2023 [info] check_pri_rootfs_corruption - this is not a kpanic/khang reset, return false
Apr 12 01:13:50 2023 [info] return and continue boot primary partition
Apr 12 01:13:51 2023 [info] get_orig_pri_version, result is TCOO60A
Apr 12 02:14:17 2023 [info] heal-backup, after sleep 3600, do job now
Apr 12 02:14:17 2023 [info] read_bootfailure result - PRI_UBOOT_FAIL=0; PRI_PART_FAIL=0;
Apr 12 02:14:17 2023 [info] raw bootfail - 1 0x10A0;2 0x10A0;3 0x11A0;4 0x10D0;5 0x10A0;6 0x11A0;7 0x10D0;8 0x11D0;
Apr 12 02:14:19 2023 [info] compare_bothbank_uboot result is identical, ub_len is 361788, do nothing
Apr 20 02:35:01 2023 [info] get LAST_RSTSRC = 0x0001 , BOOTPART is 2
Apr 20 02:35:01 2023 [info] ac cycle detected - clear all persistent flag and backup history file
Apr 20 02:35:01 2023 [info] read_bootfailure result - PRI_UBOOT_FAIL=0; PRI_PART_FAIL=0;
Apr 20 02:35:01 2023 [info] raw bootfail - 1 0x10A0;2 0x11A0;3 0x10D0;
Apr 20 02:35:01 2023 [info] check_pri_rootfs_corruption - this is not a kpanic/khang reset, return false
Apr 20 02:35:01 2023 [info] return and continue boot primary partition
Apr 20 02:35:02 2023 [info] get_orig_pri_version, result is TCOO60A
Apr 20 03:35:27 2023 [info] heal-backup, after sleep 3600, do job now
Apr 20 03:35:28 2023 [info] read_bootfailure result - PRI_UBOOT_FAIL=0; PRI_PART_FAIL=0;
Apr 20 03:35:28 2023 [info] raw bootfail - 1 0x10A0;2 0x11A0;3 0x10D0;4 0x11D0;
Apr 20 03:35:29 2023 [info] compare_bothbank_uboot result is identical, ub_len is 361788, do nothing
